<?xml version="1.0" encoding="UTF-8"?>
<!-- Generated by org.testng.reporters.JUnitReportReporter -->
<testsuite hostname="KP18" failures="0" tests="1" name="org.hrms.testcsript.Lgin_Lgout_FMW_TESTNG_WEBDRIVER" time="3.526" errors="0" timestamp="17 May 2024 07:47:17 GMT">
  <testcase classname="org.hrms.testcsript.Lgin_Lgout_FMW_TESTNG_WEBDRIVER" name="login_logout" time="3.526"/>
</testsuite> <!-- org.hrms.testcsript.Lgin_Lgout_FMW_TESTNG_WEBDRIVER -->
