<?xml version="1.0" encoding="UTF-8"?>
<!-- Generated by org.testng.reporters.JUnitReportReporter -->
<testsuite hostname="KP18" failures="0" tests="1" name="org.hrms.testcsript.TC001_Login_Logout" time="3.855" errors="0" timestamp="20 May 2024 12:43:06 GMT">
  <testcase classname="org.hrms.testcsript.TC001_Login_Logout" name="kp" time="3.855"/>
</testsuite> <!-- org.hrms.testcsript.TC001_Login_Logout -->
